<?xml version='1.0' encoding='UTF-8'?>
<testsuite hostname="swel" name="org.continuum.vacuum.propertybasedtesting.test.ListSpec-2" tests="1" errors="0" failures="1" time="-0.001">
                     <properties>
[...]
</properties>
                     <testcase classname="org.continuum.vacuum.propertybasedtesting.test.ListSpec-2" name="map + and size" time="-0.001">
                                                 <failure message="Falsified after 15 passed tests.
&gt; ARG_0: Map(0 -&gt; 0)
&gt; ARG_0_ORIGINAL: Map(0 -&gt; 374555666, -2147483648 -&gt; 0, 1 -&gt; -1882671558, -2072558484 -&gt; 1, -2118783479 -&gt; 1717793319, -1303406852 -&gt; 837695141)
&gt; ARG_1: 0
&gt; ARG_2: 0
&gt; ARG_2_ORIGINAL: -709174839" type="java.lang.Exception">java.lang.Exception: Falsified after 15 passed tests.
&gt; ARG_0: Map(0 -&gt; 0)
&gt; ARG_0_ORIGINAL: Map(0 -&gt; 374555666, -2147483648 -&gt; 0, 1 -&gt; -1882671558, -2072558484 -&gt; 1, -2118783479 -&gt; 1717793319, -1303406852 -&gt; 837695141)
&gt; ARG_1: 0
&gt; ARG_2: 0
&gt; ARG_2_ORIGINAL: -709174839
	at org.scalacheck.ScalaCheckRunner$$anon$2$$anonfun$execute$3$$anonfun$apply$2$$anon$7.&lt;init&gt;(ScalaCheckFramework.scala:98)
	at org.scalacheck.ScalaCheckRunner$$anon$2$$anonfun$execute$3$$anonfun$apply$2.apply(ScalaCheckFramework.scala:87)
	at org.scalacheck.ScalaCheckRunner$$anon$2$$anonfun$execute$3$$anonfun$apply$2.apply(ScalaCheckFramework.scala:84)
	at scala.collection.TraversableLike$WithFilter$$anonfun$foreach$1.apply(TraversableLike.scala:778)
	at scala.collection.immutable.List.foreach(List.scala:381)
	at scala.collection.generic.TraversableForwarder$class.foreach(TraversableForwarder.scala:35)
	at scala.collection.mutable.ListBuffer.foreach(ListBuffer.scala:45)
	at scala.collection.TraversableLike$WithFilter.foreach(TraversableLike.scala:777)
	at org.scalacheck.ScalaCheckRunner$$anon$2$$anonfun$execute$3.apply(ScalaCheckFramework.scala:84)
	at org.scalacheck.ScalaCheckRunner$$anon$2$$anonfun$execute$3.apply(ScalaCheckFramework.scala:81)
	at scala.collection.TraversableLike$$anonfun$flatMap$1.apply(TraversableLike.scala:252)
	at scala.collection.TraversableLike$$anonfun$flatMap$1.apply(TraversableLike.scala:252)
	at scala.collection.IndexedSeqOptimized$class.foreach(IndexedSeqOptimized.scala:33)
	at scala.collection.mutable.ArrayOps$ofRef.foreach(ArrayOps.scala:186)
	at scala.collection.TraversableLike$class.flatMap(TraversableLike.scala:252)
	at scala.collection.mutable.ArrayOps$ofRef.flatMap(ArrayOps.scala:186)
	at org.scalacheck.ScalaCheckRunner$$anon$2.execute(ScalaCheckFramework.scala:81)
	at sbt.TestRunner.runTest$1(TestFramework.scala:76)
	at sbt.TestRunner.run(TestFramework.scala:85)
	at sbt.TestFramework$$anon$2$$anonfun$$init$$1$$anonfun$apply$8.apply(TestFramework.scala:202)
	at sbt.TestFramework$$anon$2$$anonfun$$init$$1$$anonfun$apply$8.apply(TestFramework.scala:202)
	at sbt.TestFramework$.sbt$TestFramework$$withContextLoader(TestFramework.scala:185)
	at sbt.TestFramework$$anon$2$$anonfun$$init$$1.apply(TestFramework.scala:202)
	at sbt.TestFramework$$anon$2$$anonfun$$init$$1.apply(TestFramework.scala:202)
	at sbt.TestFunction.apply(TestFramework.scala:207)
	at sbt.Tests$$anonfun$9.apply(Tests.scala:216)
	at sbt.Tests$$anonfun$9.apply(Tests.scala:216)
	at sbt.std.Transform$$anon$3$$anonfun$apply$2.apply(System.scala:44)
	at sbt.std.Transform$$anon$3$$anonfun$apply$2.apply(System.scala:44)
	at sbt.std.Transform$$anon$4.work(System.scala:63)
	at sbt.Execute$$anonfun$submit$1$$anonfun$apply$1.apply(Execute.scala:226)
	at sbt.Execute$$anonfun$submit$1$$anonfun$apply$1.apply(Execute.scala:226)
	at sbt.ErrorHandling$.wideConvert(ErrorHandling.scala:17)
	at sbt.Execute.work(Execute.scala:235)
	at sbt.Execute$$anonfun$submit$1.apply(Execute.scala:226)
	at sbt.Execute$$anonfun$submit$1.apply(Execute.scala:226)
	at sbt.ConcurrentRestrictions$$anon$4$$anonfun$1.apply(ConcurrentRestrictions.scala:159)
	at sbt.CompletionService$$anon$2.call(CompletionService.scala:28)
	at java.util.concurrent.FutureTask.run(FutureTask.java:266)
	at java.util.concurrent.Executors$RunnableAdapter.call(Executors.java:511)
	at java.util.concurrent.FutureTask.run(FutureTask.java:266)
	at java.util.concurrent.ThreadPoolExecutor.runWorker(ThreadPoolExecutor.java:1142)
	at java.util.concurrent.ThreadPoolExecutor$Worker.run(ThreadPoolExecutor.java:617)
	at java.lang.Thread.run(Thread.java:745)
</failure>
                                               </testcase>
                     <system-out></system-out>
                     <system-err></system-err>
                   </testsuite>